{
  "RSpec": {
    "coverage": {
      "/Users/sterling/turing/3mod/projects/sweater-weather/app/facades/book_facade.rb": {
        "lines": [
          1,
          1,
          2,
          2,
          2,
          null,
          2,
          null,
          null,
          null,
          null,
          null,
          null,
          null,
          null,
          null,
          null,
          1,
          null,
          2,
          null,
          null,
          null,
          null,
          1,
          2,
          null,
          10,
          null,
          null,
          null,
          null,
          null,
          null
        ]
      },
      "/Users/sterling/turing/3mod/projects/sweater-weather/app/facades/weather_facade.rb": {
        "lines": [
          1,
          1,
          3,
          3,
          3,
          null,
          null
        ]
      },
      "/Users/sterling/turing/3mod/projects/sweater-weather/app/models/api_key.rb": {
        "lines": [
          1,
          1,
          null
        ]
      },
      "/Users/sterling/turing/3mod/projects/sweater-weather/app/models/application_record.rb": {
        "lines": [
          1,
          1,
          null
        ]
      },
      "/Users/sterling/turing/3mod/projects/sweater-weather/app/models/user.rb": {
        "lines": [
          1,
          1,
          1,
          1,
          null,
          1,
          null,
          1,
          3,
          3,
          null,
          null
        ]
      },
      "/Users/sterling/turing/3mod/projects/sweater-weather/app/poros/forecast.rb": {
        "lines": [
          1,
          1,
          null,
          1,
          3,
          3,
          3,
          3,
          null,
          null,
          1,
          null,
          3,
          null,
          null,
          null,
          null,
          null,
          null,
          null,
          null,
          null,
          null,
          null,
          null,
          1,
          3,
          null,
          24,
          null,
          null,
          null,
          null,
          null,
          null,
          null,
          1,
          3,
          null,
          15,
          null,
          null,
          null,
          null,
          null,
          null,
          null,
          null,
          null,
          null
        ]
      },
      "/Users/sterling/turing/3mod/projects/sweater-weather/app/services/book_service.rb": {
        "lines": [
          1,
          1,
          3,
          3,
          null,
          3,
          null,
          null,
          null,
          1,
          null,
          1,
          3,
          null,
          null,
          1,
          3,
          null,
          null
        ]
      },
      "/Users/sterling/turing/3mod/projects/sweater-weather/app/services/map_service.rb": {
        "lines": [
          1,
          1,
          6,
          6,
          null,
          6,
          null,
          null,
          null,
          1,
          null,
          1,
          6,
          null,
          null,
          1,
          6,
          null,
          null
        ]
      },
      "/Users/sterling/turing/3mod/projects/sweater-weather/app/services/weather_service.rb": {
        "lines": [
          1,
          1,
          6,
          6,
          6,
          6,
          6,
          null,
          6,
          null,
          null,
          null,
          1,
          null,
          1,
          6,
          null,
          null,
          1,
          6,
          null,
          null
        ]
      },
      "/Users/sterling/turing/3mod/projects/sweater-weather/app/controllers/api/v1/book_controller.rb": {
        "lines": [
          1,
          1,
          1,
          1,
          null,
          null
        ]
      },
      "/Users/sterling/turing/3mod/projects/sweater-weather/app/controllers/application_controller.rb": {
        "lines": [
          1,
          null
        ]
      },
      "/Users/sterling/turing/3mod/projects/sweater-weather/app/serializers/books_serializer.rb": {
        "lines": [
          1,
          1,
          1,
          null,
          1,
          null,
          null,
          null,
          null,
          null,
          null,
          null
        ]
      },
      "/Users/sterling/turing/3mod/projects/sweater-weather/app/controllers/api/v1/users_controller.rb": {
        "lines": [
          1,
          1,
          4,
          1,
          null,
          3,
          3,
          3,
          3,
          2,
          null,
          1,
          null,
          null,
          null,
          null,
          1,
          1,
          6,
          null,
          null
        ]
      },
      "/Users/sterling/turing/3mod/projects/sweater-weather/app/serializers/users_serializer.rb": {
        "lines": [
          1,
          1,
          1,
          null
        ]
      },
      "/Users/sterling/turing/3mod/projects/sweater-weather/app/controllers/api/v1/weather_controller.rb": {
        "lines": [
          1,
          null,
          1,
          1,
          1,
          null,
          null,
          1,
          1,
          1,
          null,
          null
        ]
      },
      "/Users/sterling/turing/3mod/projects/sweater-weather/app/serializers/forecast_serializer.rb": {
        "lines": [
          1,
          1,
          1,
          null
        ]
      }
    },
    "timestamp": 1677959488
  }
}
